<?xml version="1.0" encoding="UTF-8"?>
<!-- Generated by org.testng.reporters.JUnitReportReporter -->
<testsuite hostname="svinayak-lp" failures="0" tests="3" name="Day_7.Authentication" time="5.083" errors="0" timestamp="2024-05-31T14:24:05 IST" skipped="0">
  <testcase classname="Day_7.Authentication" name="basicAuth" time="2.827"/>
  <testcase classname="Day_7.Authentication" name="digestAuth" time="1.639"/>
  <testcase classname="Day_7.Authentication" name="bearTokenAuth" time="0.617"/>
</testsuite> <!-- Day_7.Authentication -->
