<?xml version="1.0" encoding="UTF-8"?>
<!-- Generated by org.testng.reporters.JUnitReportReporter -->
<testsuite hostname="svinayak-lp" failures="0" tests="2" name="Day_3.Headers" time="3.305" errors="0" timestamp="2024-05-30T13:21:17 IST" skipped="0">
  <testcase classname="Day_3.Headers" name="validateHeaders" time="1.260"/>
  <testcase classname="Day_3.Headers" name="getHeaders" time="2.045"/>
</testsuite> <!-- Day_3.Headers -->
