<?xml version="1.0" encoding="UTF-8"?>
<!-- Generated by org.testng.reporters.JUnitReportReporter -->
<testsuite hostname="svinayak-lp" failures="0" tests="1" name="Day_7.FakerDataGenerator" time="0.136" errors="0" timestamp="2024-05-31T17:09:48 IST" skipped="0">
  <testcase classname="Day_7.FakerDataGenerator" name="generator" time="0.136"/>
</testsuite> <!-- Day_7.FakerDataGenerator -->
