<?xml version="1.0" encoding="UTF-8"?>
<!-- Generated by org.testng.reporters.JUnitReportReporter -->
<testsuite hostname="svinayak-lp" failures="0" tests="4" name="Day_1.HttpsRequest" time="5.161" errors="0" timestamp="2024-05-29T14:49:24 IST" skipped="0">
  <testcase classname="Day_1.HttpsRequest" name="createProduct" time="2.724"/>
  <testcase classname="Day_1.HttpsRequest" name="deleteProduct" time="0.694"/>
  <testcase classname="Day_1.HttpsRequest" name="getProduct" time="0.672"/>
  <testcase classname="Day_1.HttpsRequest" name="updateProduct" time="1.071"/>
</testsuite> <!-- Day_1.HttpsRequest -->
