<?xml version="1.0" encoding="UTF-8"?>
<!-- Generated by org.testng.reporters.JUnitReportReporter -->
<testsuite hostname="svinayak-lp" failures="0" tests="1" name="Day_8.GetUserChaining" time="0.564" errors="0" timestamp="2024-06-03T14:52:29 IST" skipped="0">
  <testcase classname="Day_8.GetUserChaining" name="getUser" time="0.564"/>
</testsuite> <!-- Day_8.GetUserChaining -->
