<?xml version="1.0" encoding="UTF-8"?>
<!-- Generated by org.testng.reporters.JUnitReportReporter -->
<testsuite hostname="svinayak-lp" failures="0" tests="1" name="Day_3.PathAndQueryParameter" time="1.819" errors="0" timestamp="2024-05-30T12:25:45 IST" skipped="0">
  <testcase classname="Day_3.PathAndQueryParameter" name="pathQueryParameter" time="1.819"/>
</testsuite> <!-- Day_3.PathAndQueryParameter -->
