<?xml version="1.0" encoding="UTF-8"?>
<!-- Generated by org.testng.reporters.JUnitReportReporter -->
<testsuite hostname="svinayak-lp" failures="0" tests="3" name="Day_2.DiffWaysOfPayLoad" time="4.891" errors="0" timestamp="2024-05-30T10:51:23 IST" skipped="0">
  <testcase classname="Day_2.DiffWaysOfPayLoad" name="usingPojoclass" time="1.115"/>
  <testcase classname="Day_2.DiffWaysOfPayLoad" name="usingHashmap" time="2.705"/>
  <testcase classname="Day_2.DiffWaysOfPayLoad" name="usingJsonObject" time="1.071"/>
</testsuite> <!-- Day_2.DiffWaysOfPayLoad -->
