<?xml version="1.0" encoding="UTF-8"?>
<!-- Generated by org.testng.reporters.JUnitReportReporter -->
<testsuite hostname="svinayak-lp" failures="0" tests="1" name="Day_8.CreateUserChaining" time="2.397" errors="0" timestamp="2024-06-03T14:52:29 IST" skipped="0">
  <testcase classname="Day_8.CreateUserChaining" name="createUser" time="2.397"/>
</testsuite> <!-- Day_8.CreateUserChaining -->
