<?xml version="1.0" encoding="UTF-8"?>
<!-- Generated by org.testng.reporters.JUnitReportReporter -->
<testsuite hostname="svinayak-lp" failures="0" tests="2" name="Day_4.ParasingJsonResponseData" time="2.441" errors="0" timestamp="2024-05-30T23:17:20 IST" skipped="0">
  <testcase classname="Day_4.ParasingJsonResponseData" name="testJsonResponse_2" time="2.435"/>
  <testcase classname="Day_4.ParasingJsonResponseData" name="testJsonResponse" time="0.006"/>
</testsuite> <!-- Day_4.ParasingJsonResponseData -->
