<?xml version="1.0" encoding="UTF-8"?>
<!-- Generated by org.testng.reporters.JUnitReportReporter -->
<testsuite hostname="svinayak-lp" failures="0" tests="2" name="Day_3.CookiesAndHeaders" time="3.500" errors="0" timestamp="2024-05-30T13:04:22 IST" skipped="0">
  <testcase classname="Day_3.CookiesAndHeaders" name="getCookieInfo" time="1.405"/>
  <testcase classname="Day_3.CookiesAndHeaders" name="cokkiesAndHeaders" time="2.095"/>
</testsuite> <!-- Day_3.CookiesAndHeaders -->
